<?xml version="1.0" encoding="UTF-8"?>
<testng-results skipped="0" failed="0" ignored="0" total="1" passed="1">
  <reporter-output>
  </reporter-output>
  <suite name="Default suite" duration-ms="92294" started-at="2019-10-18T07:02:05Z" finished-at="2019-10-18T07:03:37Z">
    <groups>
    </groups>
    <test name="Default test" duration-ms="92294" started-at="2019-10-18T07:02:05Z" finished-at="2019-10-18T07:03:37Z">
      <class name="tests.LoginTests">
        <test-method status="PASS" signature="getDefaultDriver()[pri:0, instance:tests.LoginTests@797c3c3b]" name="getDefaultDriver" is-config="true" duration-ms="193" started-at="2019-10-18T07:02:05Z" description="Class Level Setup!" finished-at="2019-10-18T07:02:06Z">
          <reporter-output>
          </reporter-output>
        </test-method> <!-- getDefaultDriver -->
        <test-method status="PASS" signature="Penumbralogin()[pri:0, instance:tests.LoginTests@797c3c3b]" name="Penumbralogin" duration-ms="90902" started-at="2019-10-18T07:02:06Z" description="Login check" finished-at="2019-10-18T07:03:37Z">
          <reporter-output>
          </reporter-output>
        </test-method> <!-- Penumbralogin -->
      </class> <!-- tests.LoginTests -->
    </test> <!-- Default test -->
  </suite> <!-- Default suite -->
</testng-results>
