<?xml version="1.0" encoding="UTF-8"?>
<testng-results skipped="0" failed="0" ignored="0" total="1" passed="1">
  <reporter-output>
  </reporter-output>
  <suite name="Default suite" duration-ms="21615" started-at="2019-10-07T17:45:10Z" finished-at="2019-10-07T17:45:32Z">
    <groups>
    </groups>
    <test name="Default test" duration-ms="21615" started-at="2019-10-07T17:45:10Z" finished-at="2019-10-07T17:45:32Z">
      <class name="tests.LoginTests">
        <test-method status="PASS" signature="getDefaultDriver()[pri:0, instance:tests.LoginTests@a50d709]" name="getDefaultDriver" is-config="true" duration-ms="80" started-at="2019-10-07T17:45:10Z" description="Class Level Setup!" finished-at="2019-10-07T17:45:10Z">
          <reporter-output>
          </reporter-output>
        </test-method> <!-- getDefaultDriver -->
        <test-method status="PASS" signature="Penumbralogin()[pri:0, instance:tests.LoginTests@a50d709]" name="Penumbralogin" duration-ms="21122" started-at="2019-10-07T17:45:10Z" description="Login check" finished-at="2019-10-07T17:45:31Z">
          <reporter-output>
          </reporter-output>
        </test-method> <!-- Penumbralogin -->
      </class> <!-- tests.LoginTests -->
    </test> <!-- Default test -->
  </suite> <!-- Default suite -->
</testng-results>
